2025-06-30 20:56:10,389 INFO o.a.j.u.JMeterUtils: Setting Locale to en_EN
2025-06-30 20:56:10,403 INFO o.a.j.JMeter: Loading user properties from: /home/jp/apache-jmeter-5.6.3/bin/user.properties
2025-06-30 20:56:10,403 INFO o.a.j.JMeter: Loading system properties from: /home/jp/apache-jmeter-5.6.3/bin/system.properties
2025-06-30 20:56:10,407 INFO o.a.j.JMeter: Copyright (c) 1998-2024 The Apache Software Foundation
2025-06-30 20:56:10,407 INFO o.a.j.JMeter: Version 5.6.3
2025-06-30 20:56:10,408 INFO o.a.j.JMeter: java.version=21.0.7
2025-06-30 20:56:10,408 INFO o.a.j.JMeter: java.vm.name=OpenJDK 64-Bit Server VM
2025-06-30 20:56:10,408 INFO o.a.j.JMeter: os.name=Linux
2025-06-30 20:56:10,408 INFO o.a.j.JMeter: os.arch=amd64
2025-06-30 20:56:10,408 INFO o.a.j.JMeter: os.version=5.15.167.4-microsoft-standard-WSL2
2025-06-30 20:56:10,408 INFO o.a.j.JMeter: file.encoding=UTF-8
2025-06-30 20:56:10,408 INFO o.a.j.JMeter: java.awt.headless=true
2025-06-30 20:56:10,408 INFO o.a.j.JMeter: Max memory     =1073741824
2025-06-30 20:56:10,409 INFO o.a.j.JMeter: Available Processors =8
2025-06-30 20:56:10,415 INFO o.a.j.JMeter: Default Locale=English (EN)
2025-06-30 20:56:10,415 INFO o.a.j.JMeter: JMeter  Locale=English (EN)
2025-06-30 20:56:10,415 INFO o.a.j.JMeter: JMeterHome=/home/jp/apache-jmeter-5.6.3
2025-06-30 20:56:10,416 INFO o.a.j.JMeter: user.dir  =/home/jp/scripts/MavenDevOps/healthtrack
2025-06-30 20:56:10,416 INFO o.a.j.JMeter: PWD       =/home/jp/scripts/MavenDevOps/healthtrack
2025-06-30 20:56:10,416 INFO o.a.j.JMeter: IP: 127.0.1.1 Name: DESKTOP-84J50U4 FullName: DESKTOP-84J50U4.
2025-06-30 20:56:10,426 INFO o.a.j.s.FileServer: Default base='/home/jp/scripts/MavenDevOps/healthtrack'
2025-06-30 20:56:10,428 INFO o.a.j.s.FileServer: Set new base='/home/jp/scripts/MavenDevOps/healthtrack/pruebas'
2025-06-30 20:56:10,582 INFO o.a.j.s.SaveService: Testplan (JMX) version: 2.2. Testlog (JTL) version: 2.2
2025-06-30 20:56:10,605 INFO o.a.j.s.SaveService: Using SaveService properties version 5.0
2025-06-30 20:56:10,607 INFO o.a.j.s.SaveService: Using SaveService properties file encoding UTF-8
2025-06-30 20:56:10,610 INFO o.a.j.s.SaveService: Loading file: pruebas/prueba_basica.jmx
2025-06-30 20:56:10,653 INFO o.a.j.p.h.s.HTTPSamplerBase: Parser for text/html is org.apache.jmeter.protocol.http.parser.LagartoBasedHtmlParser
2025-06-30 20:56:10,653 INFO o.a.j.p.h.s.HTTPSamplerBase: Parser for application/xhtml+xml is org.apache.jmeter.protocol.http.parser.LagartoBasedHtmlParser
2025-06-30 20:56:10,653 INFO o.a.j.p.h.s.HTTPSamplerBase: Parser for application/xml is org.apache.jmeter.protocol.http.parser.LagartoBasedHtmlParser
2025-06-30 20:56:10,654 INFO o.a.j.p.h.s.HTTPSamplerBase: Parser for text/xml is org.apache.jmeter.protocol.http.parser.LagartoBasedHtmlParser
2025-06-30 20:56:10,654 INFO o.a.j.p.h.s.HTTPSamplerBase: Parser for text/vnd.wap.wml is org.apache.jmeter.protocol.http.parser.RegexpHTMLParser
2025-06-30 20:56:10,654 INFO o.a.j.p.h.s.HTTPSamplerBase: Parser for text/css is org.apache.jmeter.protocol.http.parser.CssParser
2025-06-30 20:56:10,660 INFO o.a.j.JMeter: Creating summariser <summary>
2025-06-30 20:56:10,677 INFO o.a.j.e.StandardJMeterEngine: Running the test!
2025-06-30 20:56:10,678 INFO o.a.j.s.SampleEvent: List of sample_variables: []
2025-06-30 20:56:10,678 INFO o.a.j.s.SampleEvent: List of sample_variables: []
2025-06-30 20:56:10,684 INFO o.a.j.e.u.CompoundVariable: Note: Function class names must contain the string: '.functions.'
2025-06-30 20:56:10,684 INFO o.a.j.e.u.CompoundVariable: Note: Function class names must not contain the string: '.gui.'
2025-06-30 20:56:10,797 INFO o.a.j.r.ResultCollector: Folder at /home/jp/scripts/MavenDevOps/healthtrack/resultados was created
2025-06-30 20:56:10,808 INFO o.a.j.JMeter: Running test (1751331370808)
2025-06-30 20:56:10,855 INFO o.a.j.e.StandardJMeterEngine: Starting ThreadGroup: 1 : Usuarios simulados
2025-06-30 20:56:10,855 INFO o.a.j.e.StandardJMeterEngine: Starting 1 threads for group Usuarios simulados.
2025-06-30 20:56:10,855 INFO o.a.j.e.StandardJMeterEngine: Thread will continue on error
2025-06-30 20:56:10,856 INFO o.a.j.t.ThreadGroup: Starting thread group... number=1 threads=1 ramp-up=1 delayedStart=false
2025-06-30 20:56:10,867 INFO o.a.j.t.ThreadGroup: Started thread group number 1
2025-06-30 20:56:10,867 INFO o.a.j.e.StandardJMeterEngine: All thread groups have been started
2025-06-30 20:56:10,868 INFO o.a.j.t.JMeterThread: Thread started: Usuarios simulados 1-1
2025-06-30 20:56:10,882 INFO o.a.j.p.h.s.HTTPHCAbstractImpl: Local host = DESKTOP-84J50U4
2025-06-30 20:56:10,887 INFO o.a.j.p.h.s.HTTPHC4Impl: HTTP request retry count = 0
2025-06-30 20:56:10,888 INFO o.a.j.s.SampleResult: Note: Sample TimeStamps are START times
2025-06-30 20:56:10,888 INFO o.a.j.s.SampleResult: sampleresult.default.encoding is set to UTF-8
2025-06-30 20:56:10,888 INFO o.a.j.s.SampleResult: sampleresult.useNanoTime=true
2025-06-30 20:56:10,889 INFO o.a.j.s.SampleResult: sampleresult.nanoThreadSleep=5000
2025-06-30 20:56:10,972 INFO o.a.j.t.JMeterThread: Thread is done: Usuarios simulados 1-1
2025-06-30 20:56:10,972 INFO o.a.j.t.JMeterThread: Thread finished: Usuarios simulados 1-1
2025-06-30 20:56:10,973 INFO o.a.j.e.StandardJMeterEngine: Notifying test listeners of end of test
2025-06-30 20:56:10,975 INFO o.a.j.r.Summariser: summary =      1 in 00:00:00 =    6.1/s Avg:    28 Min:    28 Max:    28 Err:     0 (0.00%)
